<?xml version="1.0" encoding="UTF-8"?>
<testsuite name="com.test.meetime.controller.HubspotContactControllerTest" tests="2" skipped="0" failures="0" errors="0" timestamp="2025-04-09T21:39:57" hostname="RBSN3908" time="0.302">
  <properties/>
  <testcase name="getContactsWithSuccessController()" classname="com.test.meetime.controller.HubspotContactControllerTest" time="0.298"/>
  <testcase name="createContactWithSuccessController()" classname="com.test.meetime.controller.HubspotContactControllerTest" time="0.003"/>
  <system-out><![CDATA[]]></system-out>
  <system-err><![CDATA[]]></system-err>
</testsuite>
