<?xml version="1.0" encoding="UTF-8"?>
<testsuite name="com.test.meetime.ApplicationTests" tests="1" skipped="0" failures="0" errors="0" timestamp="2025-04-09T18:41:34" hostname="RBSN3908" time="0.904">
  <properties/>
  <testcase name="contextLoads()" classname="com.test.meetime.ApplicationTests" time="0.904"/>
  <system-out><![CDATA[15:41:24.235 [Test worker] DEBUG org.springframework.test.context.BootstrapUtils - Instantiating CacheAwareContextLoaderDelegate from class [org.springframework.test.context.cache.DefaultCacheAwareContextLoaderDelegate]
15:41:24.264 [Test worker] DEBUG org.springframework.test.context.BootstrapUtils - Instantiating BootstrapContext using constructor [public org.springframework.test.context.support.DefaultBootstrapContext(java.lang.Class,org.springframework.test.context.CacheAwareContextLoaderDelegate)]
15:41:24.372 [Test worker] DEBUG org.springframework.test.context.BootstrapUtils - Instantiating TestContextBootstrapper for test class [com.test.meetime.ApplicationTests] from class [org.springframework.boot.test.context.SpringBootTestContextBootstrapper]
15:41:24.403 [Test worker] INFO org.springframework.boot.test.context.SpringBootTestContextBootstrapper - Neither @ContextConfiguration nor @ContextHierarchy found for test class [com.test.meetime.ApplicationTests], using SpringBootContextLoader
15:41:24.416 [Test worker] DEBUG org.springframework.test.context.support.AbstractContextLoader - Did not detect default resource location for test class [com.test.meetime.ApplicationTests]: class path resource [com/test/meetime/ApplicationTests-context.xml] does not exist
15:41:24.417 [Test worker] DEBUG org.springframework.test.context.support.AbstractContextLoader - Did not detect default resource location for test class [com.test.meetime.ApplicationTests]: class path resource [com/test/meetime/ApplicationTestsContext.groovy] does not exist
15:41:24.417 [Test worker] INFO org.springframework.test.context.support.AbstractContextLoader - Could not detect default resource locations for test class [com.test.meetime.ApplicationTests]: no resource found for suffixes {-context.xml, Context.groovy}.
15:41:24.418 [Test worker] INFO org.springframework.test.context.support.AnnotationConfigContextLoaderUtils - Could not detect default configuration classes for test class [com.test.meetime.ApplicationTests]: ApplicationTests does not declare any static, non-private, non-final, nested classes annotated with @Configuration.
15:41:24.520 [Test worker] DEBUG org.springframework.test.context.support.ActiveProfilesUtils - Could not find an 'annotation declaring class' for annotation type [org.springframework.test.context.ActiveProfiles] and class [com.test.meetime.ApplicationTests]
15:41:24.683 [Test worker] DEBUG org.springframework.context.annotation.ClassPathScanningCandidateComponentProvider - Identified candidate component class: file [C:\my_projects\meetime\build\classes\java\main\com\test\meetime\Application.class]
15:41:24.686 [Test worker] INFO org.springframework.boot.test.context.SpringBootTestContextBootstrapper - Found @SpringBootConfiguration com.test.meetime.Application for test class com.test.meetime.ApplicationTests
15:41:24.944 [Test worker] DEBUG org.springframework.boot.test.context.SpringBootTestContextBootstrapper - @TestExecutionListeners is not present for class [com.test.meetime.ApplicationTests]: using defaults.
15:41:24.946 [Test worker] INFO org.springframework.boot.test.context.SpringBootTestContextBootstrapper - Loaded default TestExecutionListener class names from location [META-INF/spring.factories]: [org.springframework.boot.test.autoconfigure.restdocs.RestDocsTestExecutionListener, org.springframework.boot.test.autoconfigure.web.client.MockRestServiceServerResetTestExecutionListener, org.springframework.boot.test.autoconfigure.web.servlet.MockMvcPrintOnlyOnFailureTestExecutionListener, org.springframework.boot.test.autoconfigure.web.servlet.WebDriverTestExecutionListener, org.springframework.boot.test.autoconfigure.webservices.client.MockWebServiceServerTestExecutionListener, org.springframework.boot.test.mock.mockito.MockitoTestExecutionListener, org.springframework.boot.test.mock.mockito.ResetMocksTestExecutionListener, org.springframework.test.context.web.ServletTestExecutionListener, org.springframework.test.context.support.DirtiesContextBeforeModesTestExecutionListener, org.springframework.test.context.event.ApplicationEventsTestExecutionListener, org.springframework.test.context.support.DependencyInjectionTestExecutionListener, org.springframework.test.context.support.DirtiesContextTestExecutionListener, org.springframework.test.context.transaction.TransactionalTestExecutionListener, org.springframework.test.context.jdbc.SqlScriptsTestExecutionListener, org.springframework.test.context.event.EventPublishingTestExecutionListener]
15:41:24.991 [Test worker] INFO org.springframework.boot.test.context.SpringBootTestContextBootstrapper - Using TestExecutionListeners: [org.springframework.test.context.web.ServletTestExecutionListener@20ab76ee, org.springframework.test.context.support.DirtiesContextBeforeModesTestExecutionListener@485caa8f, org.springframework.test.context.event.ApplicationEventsTestExecutionListener@2703d91, org.springframework.boot.test.mock.mockito.MockitoTestExecutionListener@5be052ca, org.springframework.boot.test.autoconfigure.SpringBootDependencyInjectionTestExecutionListener@2007435e, org.springframework.test.context.support.DirtiesContextTestExecutionListener@da28d03, org.springframework.test.context.transaction.TransactionalTestExecutionListener@ebda593, org.springframework.test.context.jdbc.SqlScriptsTestExecutionListener@5792c08c, org.springframework.test.context.event.EventPublishingTestExecutionListener@4d157493, org.springframework.boot.test.autoconfigure.restdocs.RestDocsTestExecutionListener@54c622a7, org.springframework.boot.test.autoconfigure.web.client.MockRestServiceServerResetTestExecutionListener@37348491, org.springframework.boot.test.autoconfigure.web.servlet.MockMvcPrintOnlyOnFailureTestExecutionListener@76e3b45b, org.springframework.boot.test.autoconfigure.web.servlet.WebDriverTestExecutionListener@10b4e7f8, org.springframework.boot.test.autoconfigure.webservices.client.MockWebServiceServerTestExecutionListener@75023c53, org.springframework.boot.test.mock.mockito.ResetMocksTestExecutionListener@66813e6e]
15:41:24.999 [Test worker] DEBUG org.springframework.test.context.support.AbstractDirtiesContextTestExecutionListener - Before test class: context [DefaultTestContext@781711b7 testClass = ApplicationTests, testInstance = [null], testMethod = [null], testException = [null], mergedContextConfiguration = [WebMergedContextConfiguration@642a16aa testClass = ApplicationTests, locations = '{}', classes = '{class com.test.meetime.Application}', contextInitializerClasses = '[]', activeProfiles = '{}', propertySourceLocations = '{}', propertySourceProperties = '{org.springframework.boot.test.context.SpringBootTestContextBootstrapper=true}', contextCustomizers = set[org.springframework.boot.test.autoconfigure.actuate.metrics.MetricsExportContextCustomizerFactory$DisableMetricExportContextCustomizer@cbc8d0f, org.springframework.boot.test.autoconfigure.properties.PropertyMappingContextCustomizer@0, org.springframework.boot.test.autoconfigure.web.servlet.WebDriverContextCustomizerFactory$Customizer@3872bc37, org.springframework.boot.test.context.filter.ExcludeFilterContextCustomizer@48eb9836, org.springframework.boot.test.json.DuplicateJsonObjectContextCustomizerFactory$DuplicateJsonObjectContextCustomizer@5bb51241, org.springframework.boot.test.mock.mockito.MockitoContextCustomizer@0, org.springframework.boot.test.web.client.TestRestTemplateContextCustomizer@23eff5d1, org.springframework.boot.test.context.SpringBootTestArgs@1, org.springframework.boot.test.context.SpringBootTestWebEnvironment@4eeea57d], resourceBasePath = 'src/main/webapp', contextLoader = 'org.springframework.boot.test.context.SpringBootContextLoader', parent = [null]], attributes = map['org.springframework.test.context.web.ServletTestExecutionListener.activateListener' -> true]], class annotated with @DirtiesContext [false] with mode [null].

  .   ____          _            __ _ _
 /\\ / ___'_ __ _ _(_)_ __  __ _ \ \ \ \
( ( )\___ | '_ | '_| | '_ \/ _` | \ \ \ \
 \\/  ___)| |_)| | | | | || (_| |  ) ) ) )
  '  |____| .__|_| |_|_| |_\__, | / / / /
 =========|_|==============|___/=/_/_/_/
 :: Spring Boot ::               (v2.7.11)

2025-04-09 15:41:27.014  INFO 13660 --- [    Test worker] com.test.meetime.ApplicationTests        : Starting ApplicationTests using Java 17.0.7 on RBSN3908 with PID 13660 (started by Wellington_Uczak in C:\my_projects\meetime)
2025-04-09 15:41:27.016  INFO 13660 --- [    Test worker] com.test.meetime.ApplicationTests        : The following 1 profile is active: "hlg"
2025-04-09 15:41:29.044  INFO 13660 --- [    Test worker] o.s.cloud.context.scope.GenericScope     : BeanFactory id=95fc38f9-e78b-3fa2-8165-a51a74171cd0
2025-04-09 15:41:34.684  INFO 13660 --- [    Test worker] o.s.cloud.commons.util.InetUtils         : Cannot determine local hostname
2025-04-09 15:41:34.750  INFO 13660 --- [    Test worker] com.test.meetime.ApplicationTests        : Started ApplicationTests in 9.65 seconds (JVM running for 12.321)
]]></system-out>
  <system-err><![CDATA[]]></system-err>
</testsuite>
