<?xml version="1.0" encoding="UTF-8"?>
<testsuite name="com.test.meetime.ApplicationTests" tests="1" skipped="0" failures="0" errors="0" timestamp="2025-04-09T21:43:56" hostname="RBSN3908" time="0.747">
  <properties/>
  <testcase name="contextLoads()" classname="com.test.meetime.ApplicationTests" time="0.747"/>
  <system-out><![CDATA[18:43:47.157 [Test worker] DEBUG org.springframework.test.context.BootstrapUtils - Instantiating CacheAwareContextLoaderDelegate from class [org.springframework.test.context.cache.DefaultCacheAwareContextLoaderDelegate]
18:43:47.202 [Test worker] DEBUG org.springframework.test.context.BootstrapUtils - Instantiating BootstrapContext using constructor [public org.springframework.test.context.support.DefaultBootstrapContext(java.lang.Class,org.springframework.test.context.CacheAwareContextLoaderDelegate)]
18:43:47.325 [Test worker] DEBUG org.springframework.test.context.BootstrapUtils - Instantiating TestContextBootstrapper for test class [com.test.meetime.ApplicationTests] from class [org.springframework.boot.test.context.SpringBootTestContextBootstrapper]
18:43:47.361 [Test worker] INFO org.springframework.boot.test.context.SpringBootTestContextBootstrapper - Neither @ContextConfiguration nor @ContextHierarchy found for test class [com.test.meetime.ApplicationTests], using SpringBootContextLoader
18:43:47.374 [Test worker] DEBUG org.springframework.test.context.support.AbstractContextLoader - Did not detect default resource location for test class [com.test.meetime.ApplicationTests]: class path resource [com/test/meetime/ApplicationTests-context.xml] does not exist
18:43:47.376 [Test worker] DEBUG org.springframework.test.context.support.AbstractContextLoader - Did not detect default resource location for test class [com.test.meetime.ApplicationTests]: class path resource [com/test/meetime/ApplicationTestsContext.groovy] does not exist
18:43:47.377 [Test worker] INFO org.springframework.test.context.support.AbstractContextLoader - Could not detect default resource locations for test class [com.test.meetime.ApplicationTests]: no resource found for suffixes {-context.xml, Context.groovy}.
18:43:47.379 [Test worker] INFO org.springframework.test.context.support.AnnotationConfigContextLoaderUtils - Could not detect default configuration classes for test class [com.test.meetime.ApplicationTests]: ApplicationTests does not declare any static, non-private, non-final, nested classes annotated with @Configuration.
18:43:47.501 [Test worker] DEBUG org.springframework.test.context.support.ActiveProfilesUtils - Could not find an 'annotation declaring class' for annotation type [org.springframework.test.context.ActiveProfiles] and class [com.test.meetime.ApplicationTests]
18:43:47.729 [Test worker] DEBUG org.springframework.context.annotation.ClassPathScanningCandidateComponentProvider - Identified candidate component class: file [C:\my_projects\meetime\build\classes\java\main\com\test\meetime\Application.class]
18:43:47.732 [Test worker] INFO org.springframework.boot.test.context.SpringBootTestContextBootstrapper - Found @SpringBootConfiguration com.test.meetime.Application for test class com.test.meetime.ApplicationTests
18:43:48.052 [Test worker] DEBUG org.springframework.boot.test.context.SpringBootTestContextBootstrapper - @TestExecutionListeners is not present for class [com.test.meetime.ApplicationTests]: using defaults.
18:43:48.054 [Test worker] INFO org.springframework.boot.test.context.SpringBootTestContextBootstrapper - Loaded default TestExecutionListener class names from location [META-INF/spring.factories]: [org.springframework.boot.test.autoconfigure.restdocs.RestDocsTestExecutionListener, org.springframework.boot.test.autoconfigure.web.client.MockRestServiceServerResetTestExecutionListener, org.springframework.boot.test.autoconfigure.web.servlet.MockMvcPrintOnlyOnFailureTestExecutionListener, org.springframework.boot.test.autoconfigure.web.servlet.WebDriverTestExecutionListener, org.springframework.boot.test.autoconfigure.webservices.client.MockWebServiceServerTestExecutionListener, org.springframework.boot.test.mock.mockito.MockitoTestExecutionListener, org.springframework.boot.test.mock.mockito.ResetMocksTestExecutionListener, org.springframework.test.context.web.ServletTestExecutionListener, org.springframework.test.context.support.DirtiesContextBeforeModesTestExecutionListener, org.springframework.test.context.event.ApplicationEventsTestExecutionListener, org.springframework.test.context.support.DependencyInjectionTestExecutionListener, org.springframework.test.context.support.DirtiesContextTestExecutionListener, org.springframework.test.context.transaction.TransactionalTestExecutionListener, org.springframework.test.context.jdbc.SqlScriptsTestExecutionListener, org.springframework.test.context.event.EventPublishingTestExecutionListener]
18:43:48.135 [Test worker] INFO org.springframework.boot.test.context.SpringBootTestContextBootstrapper - Using TestExecutionListeners: [org.springframework.test.context.web.ServletTestExecutionListener@456bcb74, org.springframework.test.context.support.DirtiesContextBeforeModesTestExecutionListener@a9c5b75, org.springframework.test.context.event.ApplicationEventsTestExecutionListener@dd4aec3, org.springframework.boot.test.mock.mockito.MockitoTestExecutionListener@4dac121d, org.springframework.boot.test.autoconfigure.SpringBootDependencyInjectionTestExecutionListener@568750b7, org.springframework.test.context.support.DirtiesContextTestExecutionListener@3e28fee1, org.springframework.test.context.transaction.TransactionalTestExecutionListener@16a2ed51, org.springframework.test.context.jdbc.SqlScriptsTestExecutionListener@3b332962, org.springframework.test.context.event.EventPublishingTestExecutionListener@57ddd45b, org.springframework.boot.test.autoconfigure.restdocs.RestDocsTestExecutionListener@2e7bf7b7, org.springframework.boot.test.autoconfigure.web.client.MockRestServiceServerResetTestExecutionListener@2fb25f4c, org.springframework.boot.test.autoconfigure.web.servlet.MockMvcPrintOnlyOnFailureTestExecutionListener@de81be1, org.springframework.boot.test.autoconfigure.web.servlet.WebDriverTestExecutionListener@342e690b, org.springframework.boot.test.autoconfigure.webservices.client.MockWebServiceServerTestExecutionListener@4519f676, org.springframework.boot.test.mock.mockito.ResetMocksTestExecutionListener@78ec89a6]
18:43:48.144 [Test worker] DEBUG org.springframework.test.context.support.AbstractDirtiesContextTestExecutionListener - Before test class: context [DefaultTestContext@2ed71727 testClass = ApplicationTests, testInstance = [null], testMethod = [null], testException = [null], mergedContextConfiguration = [WebMergedContextConfiguration@5261ec9 testClass = ApplicationTests, locations = '{}', classes = '{class com.test.meetime.Application}', contextInitializerClasses = '[]', activeProfiles = '{}', propertySourceLocations = '{}', propertySourceProperties = '{org.springframework.boot.test.context.SpringBootTestContextBootstrapper=true}', contextCustomizers = set[org.springframework.boot.test.autoconfigure.actuate.metrics.MetricsExportContextCustomizerFactory$DisableMetricExportContextCustomizer@2bebb74f, org.springframework.boot.test.autoconfigure.properties.PropertyMappingContextCustomizer@0, org.springframework.boot.test.autoconfigure.web.servlet.WebDriverContextCustomizerFactory$Customizer@64968732, org.springframework.boot.test.context.filter.ExcludeFilterContextCustomizer@4c2fb9dd, org.springframework.boot.test.json.DuplicateJsonObjectContextCustomizerFactory$DuplicateJsonObjectContextCustomizer@23eff5d1, org.springframework.boot.test.mock.mockito.MockitoContextCustomizer@0, org.springframework.boot.test.web.client.TestRestTemplateContextCustomizer@4b3fe06e, org.springframework.boot.test.context.SpringBootTestArgs@1, org.springframework.boot.test.context.SpringBootTestWebEnvironment@59a67c3a], resourceBasePath = 'src/main/webapp', contextLoader = 'org.springframework.boot.test.context.SpringBootContextLoader', parent = [null]], attributes = map['org.springframework.test.context.web.ServletTestExecutionListener.activateListener' -> true]], class annotated with @DirtiesContext [false] with mode [null].

  .   ____          _            __ _ _
 /\\ / ___'_ __ _ _(_)_ __  __ _ \ \ \ \
( ( )\___ | '_ | '_| | '_ \/ _` | \ \ \ \
 \\/  ___)| |_)| | | | | || (_| |  ) ) ) )
  '  |____| .__|_| |_|_| |_\__, | / / / /
 =========|_|==============|___/=/_/_/_/
 :: Spring Boot ::               (v2.7.11)

2025-04-09 18:43:50.144  INFO 23704 --- [    Test worker] com.test.meetime.ApplicationTests        : Starting ApplicationTests using Java 17.0.7 on RBSN3908 with PID 23704 (started by Wellington_Uczak in C:\my_projects\meetime)
2025-04-09 18:43:50.146  INFO 23704 --- [    Test worker] com.test.meetime.ApplicationTests        : The following 1 profile is active: "hlg"
2025-04-09 18:43:52.155  INFO 23704 --- [    Test worker] o.s.cloud.context.scope.GenericScope     : BeanFactory id=80e3e6fc-2d09-32fe-814e-0c3e1f018b89
2025-04-09 18:43:56.001  INFO 23704 --- [    Test worker] o.s.cloud.commons.util.InetUtils         : Cannot determine local hostname
2025-04-09 18:43:56.065  INFO 23704 --- [    Test worker] com.test.meetime.ApplicationTests        : Started ApplicationTests in 7.804 seconds (JVM running for 11.318)
]]></system-out>
  <system-err><![CDATA[]]></system-err>
</testsuite>
